<?xml version="1.0" encoding="UTF-8"?>
<testsuite name="Test" tests="2" skipped="0" failures="0" errors="0" timestamp="2025-08-21T23:37:34.038Z" hostname="ANDRES" time="0.129">
  <properties/>
  <testcase name="testSolution()" classname="Test" time="0.099"/>
  <testcase name="testVariablesInSolution()" classname="Test" time="0.025"/>
  <system-out><![CDATA[]]></system-out>
  <system-err><![CDATA[]]></system-err>
</testsuite>
