<?xml version="1.0" encoding="UTF-8"?>
<testsuite name="Test" tests="1" skipped="0" failures="0" errors="0" timestamp="2025-08-20T16:17:29.913Z" hostname="ANDRES" time="0.094">
  <properties/>
  <testcase name="testSolution()" classname="Test" time="0.094"/>
  <system-out><![CDATA[]]></system-out>
  <system-err><![CDATA[]]></system-err>
</testsuite>
